<?xml version="1.0" encoding="UTF-8"?>
<!-- Generated by org.testng.reporters.JUnitReportReporter -->
<testsuite hostname="DESKTOP-BFMNPFK" failures="0" tests="3" name="testng.df_Bt_am_bm" time="0.003" errors="0" timestamp="2024-01-25T13:09:18 IST" skipped="0">
  <testcase classname="testng.df_Bt_am_bm" name="aggrane" time="0.001"/>
  <system-out/>
  <testcase classname="testng.df_Bt_am_bm" name="openapp" time="0.001"/>
  <system-out/>
  <testcase classname="testng.df_Bt_am_bm" name="closeapp" time="0.001"/>
  <system-out/>
</testsuite> <!-- testng.df_Bt_am_bm -->
