<?xml version="1.0" encoding="UTF-8"?>
<!-- Generated by org.testng.reporters.JUnitReportReporter -->
<testsuite hostname="DESKTOP-BFMNPFK" failures="0" tests="3" name="testng.testngprogrames" time="0.004" errors="0" timestamp="2024-01-25T13:09:18 IST" skipped="0">
  <testcase classname="testng.testngprogrames" name="login" time="0.001"/>
  <system-out/>
  <testcase classname="testng.testngprogrames" name="logout" time="0.001"/>
  <system-out/>
  <testcase classname="testng.testngprogrames" name="hai" time="0.002"/>
  <system-out/>
</testsuite> <!-- testng.testngprogrames -->
