<?xml version="1.0" encoding="UTF-8"?>
<!-- Generated by org.testng.reporters.JUnitReportReporter -->
<testsuite hostname="DESKTOP-BFMNPFK" failures="0" tests="1" name="com.hrms.testscript.TCOO1" time="16.110" errors="0" timestamp="2024-01-27T16:54:55 IST" skipped="0">
  <testcase classname="com.hrms.testscript.TCOO1" name="test" time="16.110"/>
  <system-out>
    <![CDATA[Application opened]]>
  </system-out>
</testsuite> <!-- com.hrms.testscript.TCOO1 -->
