<?xml version="1.0" encoding="UTF-8"?>
<!-- Generated by org.testng.reporters.JUnitReportReporter -->
<testsuite hostname="DESKTOP-BFMNPFK" failures="0" tests="1" name="testng.TC001_testNG" time="3.801" errors="0" timestamp="2024-01-25T13:09:18 IST" skipped="0">
  <testcase classname="testng.TC001_testNG" name="login" time="3.801"/>
  <system-out>
    <![CDATA[app io opeend
 results are o 
Login completed]]>
  </system-out>
</testsuite> <!-- testng.TC001_testNG -->
