<?xml version="1.0" encoding="UTF-8"?>
<!-- Generated by org.testng.reporters.JUnitReportReporter -->
<testsuite hostname="DESKTOP-BFMNPFK" failures="0" tests="2" name="testng.tesrng1" time="0.000" errors="0" timestamp="2024-01-25T13:09:18 IST" skipped="0">
  <testcase classname="testng.tesrng1" name="closeapp" time="0.000"/>
  <system-out/>
  <testcase classname="testng.tesrng1" name="enterdetails" time="0.000"/>
  <system-out/>
</testsuite> <!-- testng.tesrng1 -->
