<?xml version="1.0" encoding="UTF-8"?>
<!-- Generated by org.testng.reporters.JUnitReportReporter -->
<testsuite hostname="DESKTOP-BFMNPFK" failures="0" tests="1" name="com.hrms.testscript.TCOO2" time="10.471" errors="0" timestamp="2024-01-27T16:54:55 IST" skipped="0">
  <testcase classname="com.hrms.testscript.TCOO2" name="TC002" time="10.471"/>
  <system-out>
    <![CDATA[Application opened]]>
  </system-out>
</testsuite> <!-- com.hrms.testscript.TCOO2 -->
